<?xml version="1.0" encoding="UTF-8"?>
<!-- Generated by org.testng.reporters.JUnitReportReporter -->
<testsuite skipped="0" hostname="dhruv-HP-Notebook" name="pack2.FirstClassSecondPackage" tests="1" failures="0" timestamp="23 Aug 2019 02:39:58 GMT" time="0.003" errors="0">
  <testcase name="performTesting" time="0.003" classname="pack2.FirstClassSecondPackage"/>
</testsuite> <!-- pack2.FirstClassSecondPackage -->
