<?xml version="1.0" encoding="UTF-8"?>
<!-- Generated by org.testng.reporters.JUnitReportReporter -->
<testsuite skipped="0" hostname="dhruv-HP-Notebook" name="testNG.ParameterizedTest" tests="1" failures="0" timestamp="18 Sep 2019 02:49:20 GMT" time="0.022" errors="0">
  <testcase name="printBrowser" time="0.022" classname="testNG.ParameterizedTest"/>
</testsuite> <!-- testNG.ParameterizedTest -->
