<?xml version="1.0" encoding="UTF-8"?>
<!-- Generated by org.testng.reporters.JUnitReportReporter -->
<testsuite skipped="0" hostname="dhruv-HP-Notebook" name="testNG.GroupingDemo" tests="2" failures="0" timestamp="18 Sep 2019 01:09:40 GMT" time="0.015" errors="0">
  <testcase name="test3" time="0.003" classname="testNG.GroupingDemo"/>
  <testcase name="test2" time="0.012" classname="testNG.GroupingDemo"/>
</testsuite> <!-- testNG.GroupingDemo -->
