<?xml version="1.0" encoding="UTF-8"?>
<!-- Generated by org.testng.reporters.JUnitReportReporter -->
<testsuite skipped="0" hostname="dhruv-HP-Notebook" name="testNG.MethodsTest" tests="2" failures="0" timestamp="23 Aug 2019 03:02:01 GMT" time="0.020" errors="0">
  <testcase name="thirdTestCase" time="0.001" classname="testNG.MethodsTest"/>
  <testcase name="firstTestCase" time="0.019" classname="testNG.MethodsTest"/>
</testsuite> <!-- testNG.MethodsTest -->
