<?xml version="1.0" encoding="UTF-8"?>
<!-- Generated by org.testng.reporters.JUnitReportReporter -->
<testsuite skipped="0" hostname="dhruv-HP-Notebook" name="testNG.GroupingDemo" tests="3" failures="0" timestamp="23 Aug 2019 03:14:16 GMT" time="0.016" errors="0">
  <testcase name="test2" time="0.002" classname="testNG.GroupingDemo"/>
  <testcase name="test1" time="0.011" classname="testNG.GroupingDemo"/>
  <testcase name="test3" time="0.003" classname="testNG.GroupingDemo"/>
</testsuite> <!-- testNG.GroupingDemo -->
