<?xml version="1.0" encoding="UTF-8"?>
<!-- Generated by org.testng.reporters.JUnitReportReporter -->
<testsuite skipped="0" hostname="dhruv-HP-Notebook" name="testNG.TestNGDemo2" tests="1" failures="0" timestamp="23 Aug 2019 02:11:09 GMT" time="3.408" errors="0">
  <testcase name="googleSearch" time="3.408" classname="testNG.TestNGDemo2"/>
</testsuite> <!-- testNG.TestNGDemo2 -->
