<?xml version="1.0" encoding="UTF-8"?>
<!-- Generated by org.testng.reporters.JUnitReportReporter -->
<testsuite skipped="0" hostname="dhruv-HP-Notebook" name="pack2.SecondClassSecondPackage" tests="1" failures="0" timestamp="23 Aug 2019 02:39:58 GMT" time="0.002" errors="0">
  <testcase name="performTesting" time="0.002" classname="pack2.SecondClassSecondPackage"/>
</testsuite> <!-- pack2.SecondClassSecondPackage -->
