<?xml version="1.0" encoding="UTF-8"?>
<!-- Generated by org.testng.reporters.JUnitReportReporter -->
<testsuite skipped="0" hostname="dhruv-HP-Notebook" name="testNG.TestNGDemo" tests="3" failures="0" timestamp="23 Aug 2019 03:23:06 GMT" time="8.269" errors="0">
  <testcase name="googleSearch" time="2.322" classname="testNG.TestNGDemo"/>
  <testcase name="googleSearch" time="2.464" classname="testNG.TestNGDemo"/>
  <testcase name="googleSearch" time="3.483" classname="testNG.TestNGDemo"/>
</testsuite> <!-- testNG.TestNGDemo -->
