<?xml version="1.0" encoding="UTF-8"?>
<!-- Generated by org.testng.reporters.JUnitReportReporter -->
<testsuite skipped="0" hostname="dhruv-HP-Notebook" name="testNG.TestNGDemo" tests="4" failures="0" timestamp="18 Sep 2019 02:33:53 GMT" time="11.057" errors="0">
  <testcase name="googleSearch" time="6.045" classname="testNG.TestNGDemo"/>
  <testcase name="verify" time="0.003" classname="testNG.TestNGDemo"/>
  <testcase name="googleSearch" time="2.384" classname="testNG.TestNGDemo"/>
  <testcase name="googleSearch" time="2.625" classname="testNG.TestNGDemo"/>
</testsuite> <!-- testNG.TestNGDemo -->
